Copyright 1986-2016 Xilinx, Inc. All Rights Reserved.
---------------------------------------------------------------------------------------
| Tool Version : Vivado v.2016.3 (win64) Build 1682563 Mon Oct 10 19:07:27 MDT 2016
| Date         : Thu Jun 10 10:34:04 2021
| Host         : 1004-018 running 64-bit major release  (build 9200)
| Command      : report_control_sets -verbose -file ov7670_top_control_sets_placed.rpt
| Design       : ov7670_top
| Device       : xc7z020
---------------------------------------------------------------------------------------

Control Set Information

Table of Contents
-----------------
1. Summary
2. Flip-Flop Distribution
3. Detailed Control Set Information

1. Summary
----------

+----------------------------------------------------------+-------+
|                          Status                          | Count |
+----------------------------------------------------------+-------+
| Number of unique control sets                            |    17 |
| Unused register locations in slices containing registers |    71 |
+----------------------------------------------------------+-------+


2. Flip-Flop Distribution
-------------------------

+--------------+-----------------------+------------------------+-----------------+--------------+
| Clock Enable | Synchronous Set/Reset | Asynchronous Set/Reset | Total Registers | Total Slices |
+--------------+-----------------------+------------------------+-----------------+--------------+
| No           | No                    | No                     |              37 |           17 |
| No           | No                    | Yes                    |               0 |            0 |
| No           | Yes                   | No                     |              60 |           25 |
| Yes          | No                    | No                     |              64 |           26 |
| Yes          | No                    | Yes                    |               0 |            0 |
| Yes          | Yes                   | No                     |              96 |           23 |
+--------------+-----------------------+------------------------+-----------------+--------------+


3. Detailed Control Set Information
-----------------------------------

+----------------------------+----------------------------------------------------+------------------------------------------------+------------------+----------------+
|        Clock Signal        |                    Enable Signal                   |                Set/Reset Signal                | Slice Load Count | Bel Load Count |
+----------------------------+----------------------------------------------------+------------------------------------------------+------------------+----------------+
|  your_instance_name/CLK_25 |                                                    | Inst_vga/vga_hsync0                            |                1 |              1 |
|  your_instance_name/CLK_25 |                                                    | Inst_vga/vga_vsync0                            |                1 |              1 |
|  your_instance_name/CLK_50 |                                                    | controller/Inst_i2c_sender/sioc_i_1_n_0        |                1 |              1 |
|  your_instance_name/CLK_50 | controller/Inst_ov7670_registers/divider_reg[7][0] |                                                |                2 |              8 |
|  your_instance_name/CLK_25 | Inst_vga/vCounter_1                                |                                                |                4 |             10 |
|  your_instance_name/CLK_25 |                                                    |                                                |                3 |             11 |
|  your_instance_name/CLK_50 | controller/Inst_i2c_sender/busy_sr0                | controller/Inst_i2c_sender/data_sr[30]_i_1_n_0 |                4 |             11 |
|  your_instance_name/CLK_25 |                                                    | Inst_vga/blank                                 |               10 |             12 |
|  your_instance_name/CLK_50 | controller/Inst_i2c_sender/E[0]                    | btn_debounce/SR[0]                             |                4 |             16 |
|  your_instance_name/CLK_50 | controller/Inst_i2c_sender/busy_sr0                |                                                |                4 |             18 |
|  your_instance_name/CLK_25 | Inst_vga/address[0]_i_2_n_0                        | Inst_vga/address[0]_i_1_n_0                    |                5 |             19 |
|  OV7670_PCLK_IBUF_BUFG     | capture/p_1_in                                     | OV7670_VSYNC_IBUF                              |                5 |             19 |
|  OV7670_PCLK_IBUF_BUFG     |                                                    | OV7670_VSYNC_IBUF                              |                6 |             21 |
|  your_instance_name/CLK_50 |                                                    | btn_debounce/clear                             |                6 |             24 |
|  your_instance_name/CLK_50 |                                                    |                                                |               14 |             26 |
|  OV7670_PCLK_IBUF_BUFG     | capture/d_latch[15]_i_1_n_0                        |                                                |               16 |             28 |
|  your_instance_name/CLK_50 | controller/Inst_i2c_sender/busy_sr0                | controller/Inst_i2c_sender/busy_sr[31]_i_1_n_0 |                5 |             31 |
+----------------------------+----------------------------------------------------+------------------------------------------------+------------------+----------------+


+--------+-----------------------+
| Fanout | Number of ControlSets |
+--------+-----------------------+
| 1      |                     3 |
| 8      |                     1 |
| 10     |                     1 |
| 11     |                     2 |
| 12     |                     1 |
| 16+    |                     9 |
+--------+-----------------------+


