Copyright 1986-2016 Xilinx, Inc. All Rights Reserved.
----------------------------------------------------------------------------------------------------------------------------------------------------
| Tool Version     : Vivado v.2016.3 (win64) Build 1682563 Mon Oct 10 19:07:27 MDT 2016
| Date             : Thu Jun 10 10:34:36 2021
| Host             : 1004-018 running 64-bit major release  (build 9200)
| Command          : report_power -file ov7670_top_power_routed.rpt -pb ov7670_top_power_summary_routed.pb -rpx ov7670_top_power_routed.rpx
| Design           : ov7670_top
| Device           : xc7z020clg484-1
| Design State     : routed
| Grade            : commercial
| Process          : typical
| Characterization : Production
----------------------------------------------------------------------------------------------------------------------------------------------------

Power Report

Table of Contents
-----------------
1. Summary
1.1 On-Chip Components
1.2 Power Supply Summary
1.3 Confidence Level
2. Settings
2.1 Environment
2.2 Clock Constraints
3. Detailed Reports
3.1 By Hierarchy

1. Summary
----------

+--------------------------+----------------------------------+
| Total On-Chip Power (W)  | 16.879 (Junction temp exceeded!) |
| Dynamic (W)              | 15.659                           |
| Device Static (W)        | 1.221                            |
| Effective TJA (C/W)      | 11.5                             |
| Max Ambient (C)          | 0.0                              |
| Junction Temperature (C) | 125.0                            |
| Confidence Level         | Low                              |
| Setting File             | ---                              |
| Simulation Activity File | ---                              |
| Design Nets Matched      | NA                               |
+--------------------------+----------------------------------+


1.1 On-Chip Components
----------------------

+----------------+-----------+----------+-----------+-----------------+
| On-Chip        | Power (W) | Used     | Available | Utilization (%) |
+----------------+-----------+----------+-----------+-----------------+
| Slice Logic    |     0.617 |     1170 |       --- |             --- |
|   LUT as Logic |     0.499 |      509 |     53200 |            0.96 |
|   Register     |     0.042 |      257 |    106400 |            0.24 |
|   CARRY4       |     0.036 |       16 |     13300 |            0.12 |
|   BUFG         |     0.023 |        4 |        32 |           12.50 |
|   F7/F8 Muxes  |     0.016 |      129 |     53200 |            0.24 |
|   Others       |     0.000 |      212 |       --- |             --- |
| Signals        |     3.914 |     1356 |       --- |             --- |
| Block RAM      |     0.719 |      104 |       140 |           74.29 |
| MMCM           |     3.450 |        1 |         4 |           25.00 |
| I/O            |     6.958 |       40 |       200 |           20.00 |
| Static Power   |     1.221 |          |           |                 |
| Total          |    16.879 |          |           |                 |
+----------------+-----------+----------+-----------+-----------------+


1.2 Power Supply Summary
------------------------

+-----------+-------------+-----------+-------------+------------+
| Source    | Voltage (V) | Total (A) | Dynamic (A) | Static (A) |
+-----------+-------------+-----------+-------------+------------+
| Vccint    |       1.000 |     5.630 |       5.269 |      0.361 |
| Vccaux    |       1.800 |     2.249 |       2.148 |      0.100 |
| Vcco33    |       3.300 |     1.958 |       1.957 |      0.001 |
| Vcco25    |       2.500 |     0.000 |       0.000 |      0.000 |
| Vcco18    |       1.800 |     0.000 |       0.000 |      0.000 |
| Vcco15    |       1.500 |     0.000 |       0.000 |      0.000 |
| Vcco135   |       1.350 |     0.000 |       0.000 |      0.000 |
| Vcco12    |       1.200 |     0.000 |       0.000 |      0.000 |
| Vccaux_io |       1.800 |     0.000 |       0.000 |      0.000 |
| Vccbram   |       1.000 |     0.208 |       0.064 |      0.144 |
| MGTAVcc   |       1.000 |     0.000 |       0.000 |      0.000 |
| MGTAVtt   |       1.200 |     0.000 |       0.000 |      0.000 |
| MGTVccaux |       1.800 |     0.000 |       0.000 |      0.000 |
| Vccpint   |       1.000 |     0.473 |       0.000 |      0.473 |
| Vccpaux   |       1.800 |     0.010 |       0.000 |      0.010 |
| Vccpll    |       1.800 |     0.003 |       0.000 |      0.003 |
| Vcco_ddr  |       1.500 |     0.000 |       0.000 |      0.000 |
| Vcco_mio0 |       1.800 |     0.000 |       0.000 |      0.000 |
| Vcco_mio1 |       1.800 |     0.000 |       0.000 |      0.000 |
| Vccadc    |       1.800 |     0.020 |       0.000 |      0.020 |
+-----------+-------------+-----------+-------------+------------+


1.3 Confidence Level
--------------------

+-----------------------------+------------+--------------------------------------------------------+--------------------------------------------------------------------------------------------------------------------+
| User Input Data             | Confidence | Details                                                | Action                                                                                                             |
+-----------------------------+------------+--------------------------------------------------------+--------------------------------------------------------------------------------------------------------------------+
| Design implementation state | High       | Design is routed                                       |                                                                                                                    |
| Clock nodes activity        | Low        | User specified less than 75% of clocks                 | Provide missing clock activity with a constraint file, simulation results or by editing the "By Clock Domain" view |
| I/O nodes activity          | Low        | More than 75% of inputs are missing user specification | Provide missing input activity with simulation results or by editing the "By Resource Type -> I/Os" view           |
| Internal nodes activity     | Medium     | User specified less than 25% of internal nodes         | Provide missing internal nodes activity with simulation results or by editing the "By Resource Type" views         |
| Device models               | High       | Device models are Production                           |                                                                                                                    |
|                             |            |                                                        |                                                                                                                    |
| Overall confidence level    | Low        |                                                        |                                                                                                                    |
+-----------------------------+------------+--------------------------------------------------------+--------------------------------------------------------------------------------------------------------------------+


2. Settings
-----------

2.1 Environment
---------------

+-----------------------+------------------------+
| Ambient Temp (C)      | 25.0                   |
| ThetaJA (C/W)         | 11.5                   |
| Airflow (LFM)         | 250                    |
| Heat Sink             | none                   |
| ThetaSA (C/W)         | 0.0                    |
| Board Selection       | medium (10"x10")       |
| # of Board Layers     | 8to11 (8 to 11 Layers) |
| Board Temperature (C) | 25.0                   |
+-----------------------+------------------------+


2.2 Clock Constraints
---------------------

+-------+--------+-----------------+
| Clock | Domain | Constraint (ns) |
+-------+--------+-----------------+


3. Detailed Reports
-------------------

3.1 By Hierarchy
----------------

+----------------------------------------------+-----------+
| Name                                         | Power (W) |
+----------------------------------------------+-----------+
| ov7670_top                                   |    15.659 |
|   Inst_vga                                   |     0.904 |
|   btn_debounce                               |     0.092 |
|   capture                                    |     2.095 |
|   controller                                 |     0.153 |
|     Inst_i2c_sender                          |     0.119 |
|     Inst_ov7670_registers                    |     0.002 |
|   fb                                         |     1.628 |
|     U0                                       |     1.628 |
|       inst_blk_mem_gen                       |     1.628 |
|         gnbram.gnativebmg.native_blk_mem_gen |     1.628 |
|           valid.cstr                         |     1.628 |
|             has_mux_b.B                      |     0.390 |
|             ramloop[0].ram.r                 |     0.126 |
|               prim_noinit.ram                |     0.126 |
|             ramloop[10].ram.r                |     0.018 |
|               prim_noinit.ram                |     0.018 |
|             ramloop[11].ram.r                |     0.008 |
|               prim_noinit.ram                |     0.008 |
|             ramloop[12].ram.r                |     0.111 |
|               prim_noinit.ram                |     0.111 |
|             ramloop[13].ram.r                |     0.046 |
|               prim_noinit.ram                |     0.046 |
|             ramloop[14].ram.r                |     0.050 |
|               prim_noinit.ram                |     0.050 |
|             ramloop[15].ram.r                |     0.020 |
|               prim_noinit.ram                |     0.020 |
|             ramloop[16].ram.r                |     0.014 |
|               prim_noinit.ram                |     0.014 |
|             ramloop[17].ram.r                |     0.042 |
|               prim_noinit.ram                |     0.042 |
|             ramloop[18].ram.r                |     0.010 |
|               prim_noinit.ram                |     0.010 |
|             ramloop[19].ram.r                |     0.010 |
|               prim_noinit.ram                |     0.010 |
|             ramloop[1].ram.r                 |     0.038 |
|               prim_noinit.ram                |     0.038 |
|             ramloop[20].ram.r                |     0.004 |
|               prim_noinit.ram                |     0.004 |
|             ramloop[21].ram.r                |     0.016 |
|               prim_noinit.ram                |     0.016 |
|             ramloop[22].ram.r                |     0.004 |
|               prim_noinit.ram                |     0.004 |
|             ramloop[23].ram.r                |     0.004 |
|               prim_noinit.ram                |     0.004 |
|             ramloop[24].ram.r                |     0.003 |
|               prim_noinit.ram                |     0.003 |
|             ramloop[25].ram.r                |     0.016 |
|               prim_noinit.ram                |     0.016 |
|             ramloop[26].ram.r                |     0.004 |
|               prim_noinit.ram                |     0.004 |
|             ramloop[27].ram.r                |     0.004 |
|               prim_noinit.ram                |     0.004 |
|             ramloop[28].ram.r                |     0.002 |
|               prim_noinit.ram                |     0.002 |
|             ramloop[29].ram.r                |     0.007 |
|               prim_noinit.ram                |     0.007 |
|             ramloop[2].ram.r                 |     0.039 |
|               prim_noinit.ram                |     0.039 |
|             ramloop[30].ram.r                |     0.003 |
|               prim_noinit.ram                |     0.003 |
|             ramloop[31].ram.r                |     0.002 |
|               prim_noinit.ram                |     0.002 |
|             ramloop[32].ram.r                |     0.002 |
|               prim_noinit.ram                |     0.002 |
|             ramloop[33].ram.r                |     0.015 |
|               prim_noinit.ram                |     0.015 |
|             ramloop[34].ram.r                |     0.004 |
|               prim_noinit.ram                |     0.004 |
|             ramloop[35].ram.r                |     0.004 |
|               prim_noinit.ram                |     0.004 |
|             ramloop[36].ram.r                |     0.002 |
|               prim_noinit.ram                |     0.002 |
|             ramloop[37].ram.r                |     0.007 |
|               prim_noinit.ram                |     0.007 |
|             ramloop[38].ram.r                |     0.003 |
|               prim_noinit.ram                |     0.003 |
|             ramloop[39].ram.r                |     0.002 |
|               prim_noinit.ram                |     0.002 |
|             ramloop[3].ram.r                 |     0.019 |
|               prim_noinit.ram                |     0.019 |
|             ramloop[40].ram.r                |     0.002 |
|               prim_noinit.ram                |     0.002 |
|             ramloop[41].ram.r                |     0.007 |
|               prim_noinit.ram                |     0.007 |
|             ramloop[42].ram.r                |     0.002 |
|               prim_noinit.ram                |     0.002 |
|             ramloop[43].ram.r                |     0.003 |
|               prim_noinit.ram                |     0.003 |
|             ramloop[44].ram.r                |     0.002 |
|               prim_noinit.ram                |     0.002 |
|             ramloop[45].ram.r                |     0.004 |
|               prim_noinit.ram                |     0.004 |
|             ramloop[46].ram.r                |     0.002 |
|               prim_noinit.ram                |     0.002 |
|             ramloop[47].ram.r                |     0.002 |
|               prim_noinit.ram                |     0.002 |
|             ramloop[48].ram.r                |     0.002 |
|               prim_noinit.ram                |     0.002 |
|             ramloop[49].ram.r                |     0.011 |
|               prim_noinit.ram                |     0.011 |
|             ramloop[4].ram.r                 |     0.014 |
|               prim_noinit.ram                |     0.014 |
|             ramloop[50].ram.r                |     0.004 |
|               prim_noinit.ram                |     0.004 |
|             ramloop[51].ram.r                |     0.004 |
|               prim_noinit.ram                |     0.004 |
|             ramloop[52].ram.r                |     0.003 |
|               prim_noinit.ram                |     0.003 |
|             ramloop[53].ram.r                |     0.004 |
|               prim_noinit.ram                |     0.004 |
|             ramloop[54].ram.r                |     0.003 |
|               prim_noinit.ram                |     0.003 |
|             ramloop[55].ram.r                |     0.002 |
|               prim_noinit.ram                |     0.002 |
|             ramloop[56].ram.r                |     0.002 |
|               prim_noinit.ram                |     0.002 |
|             ramloop[57].ram.r                |     0.004 |
|               prim_noinit.ram                |     0.004 |
|             ramloop[58].ram.r                |     0.003 |
|               prim_noinit.ram                |     0.003 |
|             ramloop[59].ram.r                |     0.003 |
|               prim_noinit.ram                |     0.003 |
|             ramloop[5].ram.r                 |     0.002 |
|               prim_noinit.ram                |     0.002 |
|             ramloop[60].ram.r                |     0.002 |
|               prim_noinit.ram                |     0.002 |
|             ramloop[61].ram.r                |     0.003 |
|               prim_noinit.ram                |     0.003 |
|             ramloop[62].ram.r                |     0.002 |
|               prim_noinit.ram                |     0.002 |
|             ramloop[63].ram.r                |     0.002 |
|               prim_noinit.ram                |     0.002 |
|             ramloop[64].ram.r                |     0.002 |
|               prim_noinit.ram                |     0.002 |
|             ramloop[65].ram.r                |     0.004 |
|               prim_noinit.ram                |     0.004 |
|             ramloop[66].ram.r                |     0.003 |
|               prim_noinit.ram                |     0.003 |
|             ramloop[67].ram.r                |     0.003 |
|               prim_noinit.ram                |     0.003 |
|             ramloop[68].ram.r                |     0.002 |
|               prim_noinit.ram                |     0.002 |
|             ramloop[69].ram.r                |     0.003 |
|               prim_noinit.ram                |     0.003 |
|             ramloop[6].ram.r                 |     0.139 |
|               prim_noinit.ram                |     0.139 |
|             ramloop[70].ram.r                |     0.002 |
|               prim_noinit.ram                |     0.002 |
|             ramloop[71].ram.r                |     0.002 |
|               prim_noinit.ram                |     0.002 |
|             ramloop[72].ram.r                |     0.002 |
|               prim_noinit.ram                |     0.002 |
|             ramloop[73].ram.r                |     0.002 |
|               prim_noinit.ram                |     0.002 |
|             ramloop[74].ram.r                |     0.010 |
|               prim_noinit.ram                |     0.010 |
|             ramloop[75].ram.r                |     0.002 |
|               prim_noinit.ram                |     0.002 |
|             ramloop[76].ram.r                |     0.006 |
|               prim_noinit.ram                |     0.006 |
|             ramloop[77].ram.r                |     0.009 |
|               prim_noinit.ram                |     0.009 |
|             ramloop[78].ram.r                |     0.006 |
|               prim_noinit.ram                |     0.006 |
|             ramloop[79].ram.r                |     0.006 |
|               prim_noinit.ram                |     0.006 |
|             ramloop[7].ram.r                 |     0.066 |
|               prim_noinit.ram                |     0.066 |
|             ramloop[80].ram.r                |     0.004 |
|               prim_noinit.ram                |     0.004 |
|             ramloop[81].ram.r                |     0.012 |
|               prim_noinit.ram                |     0.012 |
|             ramloop[82].ram.r                |     0.012 |
|               prim_noinit.ram                |     0.012 |
|             ramloop[83].ram.r                |     0.004 |
|               prim_noinit.ram                |     0.004 |
|             ramloop[84].ram.r                |     0.013 |
|               prim_noinit.ram                |     0.013 |
|             ramloop[85].ram.r                |     0.005 |
|               prim_noinit.ram                |     0.005 |
|             ramloop[86].ram.r                |     0.002 |
|               prim_noinit.ram                |     0.002 |
|             ramloop[87].ram.r                |     0.002 |
|               prim_noinit.ram                |     0.002 |
|             ramloop[88].ram.r                |     0.002 |
|               prim_noinit.ram                |     0.002 |
|             ramloop[89].ram.r                |     0.018 |
|               prim_noinit.ram                |     0.018 |
|             ramloop[8].ram.r                 |     0.073 |
|               prim_noinit.ram                |     0.073 |
|             ramloop[90].ram.r                |     0.007 |
|               prim_noinit.ram                |     0.007 |
|             ramloop[91].ram.r                |     0.011 |
|               prim_noinit.ram                |     0.011 |
|             ramloop[9].ram.r                 |     0.049 |
|               prim_noinit.ram                |     0.049 |
|   your_instance_name                         |     3.639 |
+----------------------------------------------+-----------+


